2021-02-12 01:04:56 - Resource 'XMLSchema.xsd' is already loaded
2021-02-12 01:04:57 - "['./xml', './zip']" Start watching
2021-02-12 01:04:57 - ./xml Unhandled files detected
2021-02-12 01:04:57 - result.xml Start processing
2021-02-12 01:04:58 - result.xml Invalid
2021-02-12 01:04:58 - result.xml Invalid
2021-02-12 01:04:58 - result.xml Processing finished with result False
2021-02-12 01:05:09 - 3_3222222218.xml Detected
2021-02-12 01:05:09 - 3_3222222218.xml Start processing
2021-02-12 01:05:09 - 3_3222222218.xml Processing finished with result True
2021-02-12 01:05:09 - 4_3196016377.xml Detected
2021-02-12 01:05:09 - 4_3196016377.xml Start processing
2021-02-12 01:05:10 - 4_3196016377.xml Processing finished with result True
2021-02-12 01:05:10 - 5_3581801921_1.xml Detected
2021-02-12 01:05:10 - 5_3581801921_1.xml Start processing
2021-02-12 01:05:11 - 5_3581801921_1.xml Processing finished with result True
2021-02-12 01:05:11 - 5_3581801921_2.xml Detected
2021-02-12 01:05:11 - 5_3581801921_2.xml Start processing
2021-02-12 01:05:11 - 5_3581801921_2.xml Processing finished with result True
2021-02-12 01:05:11 - 6_14511164_2.xml Detected
2021-02-12 01:05:11 - 6_14511164_2.xml Start processing
2021-02-12 01:05:12 - 6_14511164_2.xml Processing finished with result True
2021-02-12 01:05:12 - 6_2249701170_1.xml Detected
2021-02-12 01:05:12 - 6_2249701170_1.xml Start processing
2021-02-12 01:05:12 - 6_2249701170_1.xml Processing finished with result True
2021-02-12 01:05:12 - 6_2249701170_2.xml Detected
2021-02-12 01:05:12 - 6_2249701170_2.xml Start processing
2021-02-12 01:05:13 - 6_2249701170_2.xml Processing finished with result True
2021-02-12 01:05:13 - 6_3016817422_2.xml Detected
2021-02-12 01:05:13 - 6_3016817422_2.xml Start processing
2021-02-12 01:05:13 - 6_3016817422_2.xml Processing finished with result True
2021-02-12 01:05:13 - 7_26272351_1.xml Detected
2021-02-12 01:05:13 - 7_26272351_1.xml Start processing
2021-02-12 01:05:14 - 7_26272351_1.xml Processing finished with result True
2021-02-12 01:05:14 - 7_26272351_2.xml Detected
2021-02-12 01:05:14 - 7_26272351_2.xml Start processing
2021-02-12 01:05:14 - 7_26272351_2.xml Processing finished with result True
2021-02-12 01:05:14 - 7_3235011960.xml Detected
2021-02-12 01:05:14 - 7_3235011960.xml Start processing
2021-02-12 01:05:15 - 7_3235011960.xml Processing finished with result True
2021-02-12 01:05:15 - 7_3357715972_1.xml Detected
2021-02-12 01:05:15 - 7_3357715972_1.xml Start processing
2021-02-12 01:05:15 - 7_3357715972_1.xml Processing finished with result True
2021-02-12 01:05:15 - 7_3357715972_2.xml Detected
2021-02-12 01:05:15 - 7_3357715972_2.xml Start processing
2021-02-12 01:05:16 - 7_3357715972_2.xml Processing finished with result True
2021-02-12 01:05:16 - 8_26272351_1.xml Detected
2021-02-12 01:05:16 - 8_26272351_1.xml Start processing
2021-02-12 01:05:16 - 8_26272351_1.xml Processing finished with result True
2021-02-12 01:05:16 - 8_26272351_2.xml Detected
2021-02-12 01:05:16 - 8_26272351_2.xml Start processing
2021-02-12 01:05:17 - 8_26272351_2.xml Processing finished with result True
2021-02-12 01:05:17 - 8_1997414644.xml Detected
2021-02-12 01:05:17 - 8_1997414644.xml Start processing
2021-02-12 01:05:17 - 8_1997414644.xml Processing finished with result True
2021-02-12 01:05:17 - 8_3337101695_1.xml Detected
2021-02-12 01:05:17 - 8_3337101695_1.xml Start processing
2021-02-12 01:05:18 - 8_3337101695_1.xml Processing finished with result True
2021-02-12 01:05:18 - 8_3337101695_2.xml Detected
2021-02-12 01:05:18 - 8_3337101695_2.xml Start processing
2021-02-12 01:05:19 - 8_3337101695_2.xml Processing finished with result True
2021-02-12 01:05:19 - 9_24299268_1.xml Detected
2021-02-12 01:05:19 - 9_24299268_1.xml Start processing
2021-02-12 01:05:19 - 9_24299268_1.xml Processing finished with result True
2021-02-12 01:05:19 - 3_3222222218.zip Detected
2021-02-12 01:05:19 - 3_3222222218.zip Start processing
2021-02-12 01:05:19 - 3_3222222218 Posted with status 200 and response in file ./responses/3_3222222218#2021-02-12#01-05-19-964.xml
2021-02-12 01:05:19 - 3_3222222218.zip Processing finished with result 
HTTP STATUS 200
Error: Invalid ZIP file
Batch: id 432978 status 527
Batch invalid against the XML schema.
2021-02-12 01:05:19 - 9_24299268_2.xml Detected
2021-02-12 01:05:20 - 9_24299268_2.xml Start processing
2021-02-12 01:05:20 - 9_24299268_2.xml Processing finished with result True
2021-02-12 01:05:20 - 9_1849701179.xml Detected
2021-02-12 01:05:20 - 9_1849701179.xml Start processing
2021-02-12 01:05:21 - 9_1849701179.xml Processing finished with result True
2021-02-12 01:05:21 - 9_2806707868_1.xml Detected
2021-02-12 01:05:21 - 9_2806707868_1.xml Start processing
2021-02-12 01:05:21 - 9_2806707868_1.xml Processing finished with result True
2021-02-12 01:05:21 - 9_2806707868_2.xml Detected
2021-02-12 01:05:21 - 9_2806707868_2.xml Start processing
2021-02-12 01:05:22 - 9_2806707868_2.xml Processing finished with result True
2021-02-12 01:05:22 - 10_23445671.xml Detected
2021-02-12 01:05:22 - 10_23445671.xml Start processing
2021-02-12 01:05:22 - 10_23445671.xml Processing finished with result True
2021-02-12 01:05:22 - 10_1950116012.xml Detected
2021-02-12 01:05:22 - 10_1950116012.xml Start processing
2021-02-12 01:05:23 - 10_1950116012.xml Processing finished with result True
2021-02-12 01:05:23 - 10_2331934367.xml Detected
2021-02-12 01:05:23 - 10_2331934367.xml Start processing
2021-02-12 01:05:23 - 10_2331934367.xml Processing finished with result True
2021-02-12 01:05:23 - 11_3311156018.xml Detected
2021-02-12 01:05:23 - 11_3311156018.xml Start processing
2021-02-12 01:05:24 - 11_3311156018.xml Processing finished with result True
2021-02-12 01:05:24 - 12_12445641.xml Detected
2021-02-12 01:05:24 - 12_12445641.xml Start processing
2021-02-12 01:05:24 - 12_12445641.xml Processing finished with result True
2021-02-12 01:05:24 - 12_2150116015.xml Detected
2021-02-12 01:05:24 - 12_2150116015.xml Start processing
2021-02-12 01:05:25 - 12_2150116015.xml Processing finished with result True
2021-02-12 01:05:25 - 12_2512701834.xml Detected
2021-02-12 01:05:25 - 12_2512701834.xml Start processing
2021-02-12 01:05:25 - 12_2512701834.xml Processing finished with result True
2021-02-12 01:05:25 - 13_23904402.xml Detected
2021-02-12 01:05:25 - 13_23904402.xml Start processing
2021-02-12 01:05:26 - 13_23904402.xml Processing finished with result True
2021-02-12 01:05:26 - 13_2078607033.xml Detected
2021-02-12 01:05:26 - 13_2078607033.xml Start processing
2021-02-12 01:05:26 - 13_2078607033.xml Processing finished with result True
2021-02-12 01:05:26 - 13_2333116016.xml Detected
2021-02-12 01:05:26 - 13_2333116016.xml Start processing
2021-02-12 01:05:27 - 13_2333116016.xml Processing finished with result True
2021-02-12 01:05:27 - 14_21436463.xml Detected
2021-02-12 01:05:27 - 14_21436463.xml Start processing
2021-02-12 01:05:27 - 14_21436463.xml Processing finished with result True
2021-02-12 01:05:27 - 14_2096617750.xml Detected
2021-02-12 01:05:27 - 14_2096617750.xml Start processing
2021-02-12 01:05:28 - 14_2096617750.xml Processing finished with result True
2021-02-12 01:05:28 - 14_2178216017.xml Detected
2021-02-12 01:05:28 - 14_2178216017.xml Start processing
2021-02-12 01:05:28 - 14_2178216017.xml Processing finished with result True
2021-02-12 01:05:28 - 15_25590669.xml Detected
2021-02-12 01:05:28 - 15_25590669.xml Start processing
2021-02-12 01:05:29 - 15_25590669.xml Processing finished with result True
2021-02-12 01:05:29 - 15_2333555551.xml Detected
2021-02-12 01:05:29 - 15_2333555551.xml Start processing
2021-02-12 01:05:30 - 15_2333555551.xml Processing finished with result True
2021-02-12 01:05:30 - 15_3062812899.xml Detected
2021-02-12 01:05:30 - 15_3062812899.xml Start processing
2021-02-12 01:05:30 - 15_3062812899.xml Processing finished with result True
2021-02-12 01:05:30 - 16_2397809670_1.xml Detected
2021-02-12 01:05:30 - 16_2397809670_1.xml Start processing
2021-02-12 01:05:31 - 16_2397809670_1.xml Processing finished with result True
2021-02-12 01:05:31 - 16_2397809670_2.xml Detected
2021-02-12 01:05:31 - 16_2397809670_2.xml Start processing
2021-02-12 01:05:31 - 16_2397809670_2.xml Processing finished with result True
2021-02-12 01:05:31 - 17_2722200094_1.xml Detected
2021-02-12 01:05:31 - 17_2722200094_1.xml Start processing
2021-02-12 01:05:32 - 17_2722200094_1.xml Processing finished with result True
2021-02-12 01:05:32 - 17_2722200094_2.xml Detected
2021-02-12 01:05:32 - 17_2722200094_2.xml Start processing
2021-02-12 01:05:32 - 17_2722200094_2.xml Processing finished with result True
2021-02-12 01:05:32 - 18_3370619028.xml Detected
2021-02-12 01:05:32 - 18_3370619028.xml Start processing
2021-02-12 01:05:33 - 18_3370619028.xml Processing finished with result True
2021-02-12 01:05:33 - 19_2887406048.xml Detected
2021-02-12 01:05:33 - 19_2887406048.xml Start processing
2021-02-12 01:05:33 - 19_2887406048.xml Processing finished with result True
2021-02-12 01:05:33 - 20_2550702744.xml Detected
2021-02-12 01:05:33 - 20_2550702744.xml Start processing
2021-02-12 01:05:34 - 20_2550702744.xml Processing finished with result True
2021-02-12 01:05:34 - 21_2330702742.xml Detected
2021-02-12 01:05:34 - 21_2330702742.xml Start processing
2021-02-12 01:05:34 - 21_2330702742.xml Processing finished with result True
2021-02-12 01:05:34 - 22_3125617101_1.xml Detected
2021-02-12 01:05:34 - 22_3125617101_1.xml Start processing
2021-02-12 01:05:35 - 22_3125617101_1.xml Processing finished with result True
2021-02-12 01:05:35 - 22_3125617101_2.xml Detected
2021-02-12 01:05:35 - 22_3125617101_2.xml Start processing
2021-02-12 01:05:35 - 22_3125617101_2.xml Processing finished with result True
2021-02-12 01:05:35 - 23_2111505510_1.xml Detected
2021-02-12 01:05:35 - 23_2111505510_1.xml Start processing
2021-02-12 01:05:36 - 23_2111505510_1.xml Processing finished with result True
2021-02-12 01:05:36 - 23_2111505510_2.xml Detected
2021-02-12 01:05:36 - 23_2111505510_2.xml Start processing
2021-02-12 01:05:36 - 23_2111505510_2.xml Processing finished with result True
2021-02-12 01:05:36 - 24_2924402008.xml Detected
2021-02-12 01:05:36 - 24_2924402008.xml Start processing
2021-02-12 01:05:37 - 24_2924402008.xml Processing finished with result True
2021-02-12 01:05:37 - 25_3116115762.xml Detected
2021-02-12 01:05:37 - 25_3116115762.xml Start processing
2021-02-12 01:05:37 - 25_3116115762.xml Processing finished with result True
2021-02-12 01:05:37 - 26_2615821224.xml Detected
2021-02-12 01:05:37 - 26_2615821224.xml Start processing
2021-02-12 01:05:38 - 26_2615821224.xml Processing finished with result True
2021-02-12 01:05:38 - 27_2294316015_1.xml Detected
2021-02-12 01:05:38 - 27_2294316015_1.xml Start processing
2021-02-12 01:05:38 - 27_2294316015_1.xml Processing finished with result True
2021-02-12 01:05:38 - 27_2294316015_2.xml Detected
2021-02-12 01:05:38 - 27_2294316015_2.xml Start processing
2021-02-12 01:05:39 - 27_2294316015_2.xml Processing finished with result True
2021-02-12 01:05:39 - 3_3222222218.xml Done
2021-02-12 01:05:39 - 4_3196016377.zip Detected
2021-02-12 01:05:39 - 4_3196016377.zip Start processing
2021-02-12 01:05:39 - 4_3196016377 Posted with status 200 and response in file ./responses/4_3196016377#2021-02-12#01-05-39-817.xml
2021-02-12 01:05:39 - 4_3196016377.zip Processing finished with result 
HTTP STATUS 200
Error: Invalid ZIP file
Batch: id 432979 status 527
Batch invalid against the XML schema.
2021-02-12 01:05:39 - 4_3196016377.xml Done
2021-02-12 01:05:39 - 5_3581801921_1.zip Detected
2021-02-12 01:05:39 - 5_3581801921_1.zip Start processing
2021-02-12 01:05:40 - 5_3581801921_1 Posted with status 200 and response in file ./responses/5_3581801921_1#2021-02-12#01-05-40-174.xml
2021-02-12 01:05:40 - 5_3581801921_1.zip Processing finished with result 
HTTP STATUS 200
Error: Invalid ZIP file
Batch: id 432980 status 527
Batch invalid against the XML schema.
2021-02-12 01:05:40 - 5_3581801921_1.xml Done
2021-02-12 01:05:40 - 5_3581801921_2.zip Detected
2021-02-12 01:05:40 - 5_3581801921_2.zip Start processing
2021-02-12 01:05:40 - 5_3581801921_2 Posted with status 200 and response in file ./responses/5_3581801921_2#2021-02-12#01-05-40-570.xml
2021-02-12 01:05:40 - 5_3581801921_2.zip Processing finished with result 
HTTP STATUS 200
Error: Invalid ZIP file
Batch: id 432981 status 527
Batch invalid against the XML schema.
2021-02-12 01:05:40 - 5_3581801921_2.xml Done
2021-02-12 01:05:40 - 6_14511164_2.zip Detected
2021-02-12 01:05:40 - 6_14511164_2.zip Start processing
2021-02-12 01:05:40 - 6_14511164_2 Posted with status 200 and response in file ./responses/6_14511164_2#2021-02-12#01-05-40-922.xml
2021-02-12 01:05:40 - 6_14511164_2.zip Processing finished with result 
HTTP STATUS 200
Error: Invalid ZIP file
Batch: id 432982 status 527
Batch invalid against the XML schema.
2021-02-12 01:05:40 - 6_14511164_2.xml Done
2021-02-12 01:05:40 - 6_2249701170_1.zip Detected
2021-02-12 01:05:40 - 6_2249701170_1.zip Start processing
2021-02-12 01:05:41 - 6_2249701170_1 Posted with status 200 and response in file ./responses/6_2249701170_1#2021-02-12#01-05-41-282.xml
2021-02-12 01:05:41 - 6_2249701170_1.zip Processing finished with result 
HTTP STATUS 200
Error: Invalid ZIP file
Batch: id 432983 status 527
Batch invalid against the XML schema.
2021-02-12 01:05:41 - 6_2249701170_1.xml Done
2021-02-12 01:05:41 - 6_2249701170_2.zip Detected
2021-02-12 01:05:41 - 6_2249701170_2.zip Start processing
2021-02-12 01:05:41 - 6_2249701170_2 Posted with status 200 and response in file ./responses/6_2249701170_2#2021-02-12#01-05-41-631.xml
2021-02-12 01:05:41 - 6_2249701170_2.zip Processing finished with result 
HTTP STATUS 200
Error: Invalid ZIP file
Batch: id 432984 status 527
Batch invalid against the XML schema.
2021-02-12 01:05:41 - 6_2249701170_2.xml Done
2021-02-12 01:05:41 - 6_3016817422_2.zip Detected
2021-02-12 01:05:41 - 6_3016817422_2.zip Start processing
2021-02-12 01:05:42 - 6_3016817422_2 Posted with status 200 and response in file ./responses/6_3016817422_2#2021-02-12#01-05-42-004.xml
2021-02-12 01:05:42 - 6_3016817422_2.zip Processing finished with result 
HTTP STATUS 200
Error: Invalid ZIP file
Batch: id 432985 status 527
Batch invalid against the XML schema.
2021-02-12 01:05:42 - 6_3016817422_2.xml Done
2021-02-12 01:05:42 - 7_26272351_1.zip Detected
2021-02-12 01:05:42 - 7_26272351_1.zip Start processing
2021-02-12 01:05:42 - 7_26272351_1 Posted with status 200 and response in file ./responses/7_26272351_1#2021-02-12#01-05-42-390.xml
2021-02-12 01:05:42 - 7_26272351_1.zip Processing finished with result 
HTTP STATUS 200
Error: Invalid ZIP file
Batch: id 432986 status 527
Batch invalid against the XML schema.
2021-02-12 01:05:42 - 7_26272351_1.xml Done
2021-02-12 01:05:42 - 7_26272351_2.zip Detected
2021-02-12 01:05:42 - 7_26272351_2.zip Start processing
2021-02-12 01:05:42 - 7_26272351_2 Posted with status 200 and response in file ./responses/7_26272351_2#2021-02-12#01-05-42-774.xml
2021-02-12 01:05:42 - 7_26272351_2.zip Processing finished with result 
HTTP STATUS 200
Error: Invalid ZIP file
Batch: id 432987 status 527
Batch invalid against the XML schema.
2021-02-12 01:05:42 - 7_26272351_2.xml Done
2021-02-12 01:05:42 - 7_3235011960.zip Detected
2021-02-12 01:05:42 - 7_3235011960.zip Start processing
2021-02-12 01:05:43 - 7_3235011960 Posted with status 200 and response in file ./responses/7_3235011960#2021-02-12#01-05-43-101.xml
2021-02-12 01:05:43 - 7_3235011960.zip Processing finished with result 
HTTP STATUS 200
Error: Invalid ZIP file
Batch: id 432988 status 527
Batch invalid against the XML schema.
2021-02-12 01:05:43 - 7_3235011960.xml Done
2021-02-12 01:05:43 - 7_3357715972_1.zip Detected
2021-02-12 01:05:43 - 7_3357715972_1.zip Start processing
2021-02-12 01:05:43 - 7_3357715972_1 Posted with status 200 and response in file ./responses/7_3357715972_1#2021-02-12#01-05-43-449.xml
2021-02-12 01:05:43 - 7_3357715972_1.zip Processing finished with result 
HTTP STATUS 200
Error: Invalid ZIP file
Batch: id 432989 status 527
Batch invalid against the XML schema.
2021-02-12 01:05:43 - 7_3357715972_1.xml Done
2021-02-12 01:05:43 - 7_3357715972_2.zip Detected
2021-02-12 01:05:43 - 7_3357715972_2.zip Start processing
2021-02-12 01:05:43 - 7_3357715972_2 Posted with status 200 and response in file ./responses/7_3357715972_2#2021-02-12#01-05-43-803.xml
2021-02-12 01:05:43 - 7_3357715972_2.zip Processing finished with result 
HTTP STATUS 200
Error: Invalid ZIP file
Batch: id 432990 status 527
Batch invalid against the XML schema.
2021-02-12 01:05:43 - 7_3357715972_2.xml Done
2021-02-12 01:05:43 - 8_26272351_1.zip Detected
2021-02-12 01:05:43 - 8_26272351_1.zip Start processing
2021-02-12 01:05:44 - 8_26272351_1 Posted with status 200 and response in file ./responses/8_26272351_1#2021-02-12#01-05-44-180.xml
2021-02-12 01:05:44 - 8_26272351_1.zip Processing finished with result 
HTTP STATUS 200
Error: Invalid ZIP file
Batch: id 432991 status 527
Batch invalid against the XML schema.
2021-02-12 01:05:44 - 8_26272351_1.xml Done
2021-02-12 01:05:44 - 8_26272351_2.zip Detected
2021-02-12 01:05:44 - 8_26272351_2.zip Start processing
2021-02-12 01:05:44 - 8_26272351_2 Posted with status 200 and response in file ./responses/8_26272351_2#2021-02-12#01-05-44-546.xml
2021-02-12 01:05:44 - 8_26272351_2.zip Processing finished with result 
HTTP STATUS 200
Error: Invalid ZIP file
Batch: id 432992 status 527
Batch invalid against the XML schema.
2021-02-12 01:05:44 - 8_26272351_2.xml Done
2021-02-12 01:05:44 - 8_1997414644.zip Detected
2021-02-12 01:05:44 - 8_1997414644.zip Start processing
2021-02-12 01:05:44 - 8_1997414644 Posted with status 200 and response in file ./responses/8_1997414644#2021-02-12#01-05-44-934.xml
2021-02-12 01:05:44 - 8_1997414644.zip Processing finished with result 
HTTP STATUS 200
Error: Invalid ZIP file
Batch: id 432993 status 527
Batch invalid against the XML schema.
2021-02-12 01:05:44 - 8_1997414644.xml Done
2021-02-12 01:05:45 - 8_3337101695_1.zip Detected
2021-02-12 01:05:45 - 8_3337101695_1.zip Start processing
2021-02-12 01:05:45 - 8_3337101695_1 Posted with status 200 and response in file ./responses/8_3337101695_1#2021-02-12#01-05-45-358.xml
2021-02-12 01:05:45 - 8_3337101695_1.zip Processing finished with result 
HTTP STATUS 200
Error: Invalid ZIP file
Batch: id 432994 status 527
Batch invalid against the XML schema.
2021-02-12 01:05:45 - 8_3337101695_1.xml Done
2021-02-12 01:05:45 - 8_3337101695_2.zip Detected
2021-02-12 01:05:45 - 8_3337101695_2.zip Start processing
2021-02-12 01:05:45 - 8_3337101695_2 Posted with status 200 and response in file ./responses/8_3337101695_2#2021-02-12#01-05-45-720.xml
2021-02-12 01:05:45 - 8_3337101695_2.zip Processing finished with result 
HTTP STATUS 200
Error: Invalid ZIP file
Batch: id 432995 status 527
Batch invalid against the XML schema.
2021-02-12 01:05:45 - 8_3337101695_2.xml Done
2021-02-12 01:05:45 - 9_24299268_1.zip Detected
2021-02-12 01:05:45 - 9_24299268_1.zip Start processing
2021-02-12 01:05:46 - 9_24299268_1 Posted with status 200 and response in file ./responses/9_24299268_1#2021-02-12#01-05-46-077.xml
2021-02-12 01:05:46 - 9_24299268_1.zip Processing finished with result 
HTTP STATUS 200
Error: Invalid ZIP file
Batch: id 432996 status 527
Batch invalid against the XML schema.
2021-02-12 01:05:46 - 9_24299268_1.xml Done
2021-02-12 01:05:46 - 3_3222222218.zip Done
2021-02-12 01:05:46 - 9_24299268_2.zip Detected
2021-02-12 01:05:46 - 9_24299268_2.zip Start processing
2021-02-12 01:05:46 - 9_24299268_2 Posted with status 200 and response in file ./responses/9_24299268_2#2021-02-12#01-05-46-464.xml
2021-02-12 01:05:46 - 9_24299268_2.zip Processing finished with result 
HTTP STATUS 200
Error: Invalid ZIP file
Batch: id 432997 status 527
Batch invalid against the XML schema.
2021-02-12 01:05:46 - 9_24299268_2.xml Done
2021-02-12 01:05:46 - 9_1849701179.zip Detected
2021-02-12 01:05:46 - 9_1849701179.zip Start processing
2021-02-12 01:05:46 - 9_1849701179 Posted with status 200 and response in file ./responses/9_1849701179#2021-02-12#01-05-46-834.xml
2021-02-12 01:05:46 - 9_1849701179.zip Processing finished with result 
HTTP STATUS 200
Error: Invalid ZIP file
Batch: id 432998 status 527
Batch invalid against the XML schema.
2021-02-12 01:05:46 - 9_1849701179.xml Done
2021-02-12 01:05:46 - 9_2806707868_1.zip Detected
2021-02-12 01:05:46 - 9_2806707868_1.zip Start processing
2021-02-12 01:05:47 - 9_2806707868_1 Posted with status 200 and response in file ./responses/9_2806707868_1#2021-02-12#01-05-47-180.xml
2021-02-12 01:05:47 - 9_2806707868_1.zip Processing finished with result 
HTTP STATUS 200
Error: Invalid ZIP file
Batch: id 432999 status 527
Batch invalid against the XML schema.
2021-02-12 01:05:47 - 9_2806707868_1.xml Done
2021-02-12 01:05:47 - 9_2806707868_2.zip Detected
2021-02-12 01:05:47 - 9_2806707868_2.zip Start processing
2021-02-12 01:05:47 - 9_2806707868_2 Posted with status 200 and response in file ./responses/9_2806707868_2#2021-02-12#01-05-47-525.xml
2021-02-12 01:05:47 - 9_2806707868_2.zip Processing finished with result 
HTTP STATUS 200
Error: Invalid ZIP file
Batch: id 433000 status 527
Batch invalid against the XML schema.
2021-02-12 01:05:47 - 9_2806707868_2.xml Done
2021-02-12 01:05:47 - 10_23445671.zip Detected
2021-02-12 01:05:47 - 10_23445671.zip Start processing
2021-02-12 01:05:47 - 10_23445671 Posted with status 200 and response in file ./responses/10_23445671#2021-02-12#01-05-47-879.xml
2021-02-12 01:05:47 - 10_23445671.zip Processing finished with result 
HTTP STATUS 200
Error: Invalid ZIP file
Batch: id 433001 status 527
Batch invalid against the XML schema.
2021-02-12 01:05:47 - 10_23445671.xml Done
2021-02-12 01:05:47 - 10_1950116012.zip Detected
2021-02-12 01:05:47 - 10_1950116012.zip Start processing
2021-02-12 01:05:48 - 10_1950116012 Posted with status 200 and response in file ./responses/10_1950116012#2021-02-12#01-05-48-227.xml
2021-02-12 01:05:48 - 10_1950116012.zip Processing finished with result 
HTTP STATUS 200
Error: Invalid ZIP file
Batch: id 433002 status 527
Batch invalid against the XML schema.
2021-02-12 01:05:48 - 10_1950116012.xml Done
2021-02-12 01:05:48 - 10_2331934367.zip Detected
2021-02-12 01:05:48 - 10_2331934367.zip Start processing
2021-02-12 01:05:48 - 10_2331934367 Posted with status 200 and response in file ./responses/10_2331934367#2021-02-12#01-05-48-582.xml
2021-02-12 01:05:48 - 10_2331934367.zip Processing finished with result 
HTTP STATUS 200
Error: Invalid ZIP file
Batch: id 433003 status 527
Batch invalid against the XML schema.
2021-02-12 01:05:48 - 10_2331934367.xml Done
2021-02-12 01:05:48 - 11_3311156018.zip Detected
2021-02-12 01:05:48 - 11_3311156018.zip Start processing
2021-02-12 01:05:48 - 11_3311156018 Posted with status 200 and response in file ./responses/11_3311156018#2021-02-12#01-05-48-931.xml
2021-02-12 01:05:48 - 11_3311156018.zip Processing finished with result 
HTTP STATUS 200
Error: Invalid ZIP file
Batch: id 433004 status 527
Batch invalid against the XML schema.
2021-02-12 01:05:48 - 11_3311156018.xml Done
2021-02-12 01:05:48 - 12_12445641.zip Detected
2021-02-12 01:05:48 - 12_12445641.zip Start processing
2021-02-12 01:05:49 - 12_12445641 Posted with status 200 and response in file ./responses/12_12445641#2021-02-12#01-05-49-327.xml
2021-02-12 01:05:49 - 12_12445641.zip Processing finished with result 
HTTP STATUS 200
Error: Invalid ZIP file
Batch: id 433005 status 527
Batch invalid against the XML schema.
2021-02-12 01:05:49 - 12_12445641.xml Done
2021-02-12 01:05:49 - 12_2150116015.zip Detected
2021-02-12 01:05:49 - 12_2150116015.zip Start processing
2021-02-12 01:05:49 - 12_2150116015 Posted with status 200 and response in file ./responses/12_2150116015#2021-02-12#01-05-49-714.xml
2021-02-12 01:05:49 - 12_2150116015.zip Processing finished with result 
HTTP STATUS 200
Error: Invalid ZIP file
Batch: id 433006 status 527
Batch invalid against the XML schema.
2021-02-12 01:05:49 - 12_2150116015.xml Done
2021-02-12 01:05:49 - 12_2512701834.zip Detected
2021-02-12 01:05:49 - 12_2512701834.zip Start processing
2021-02-12 01:05:50 - 12_2512701834 Posted with status 200 and response in file ./responses/12_2512701834#2021-02-12#01-05-50-159.xml
2021-02-12 01:05:50 - 12_2512701834.zip Processing finished with result 
HTTP STATUS 200
Error: Invalid ZIP file
Batch: id 433007 status 527
Batch invalid against the XML schema.
2021-02-12 01:05:50 - 12_2512701834.xml Done
2021-02-12 01:05:50 - 13_23904402.zip Detected
2021-02-12 01:05:50 - 13_23904402.zip Start processing
2021-02-12 01:05:50 - 13_23904402 Posted with status 200 and response in file ./responses/13_23904402#2021-02-12#01-05-50-593.xml
2021-02-12 01:05:50 - 13_23904402.zip Processing finished with result 
HTTP STATUS 200
Error: Invalid ZIP file
Batch: id 433008 status 527
Batch invalid against the XML schema.
2021-02-12 01:05:50 - 13_23904402.xml Done
2021-02-12 01:05:50 - 13_2078607033.zip Detected
2021-02-12 01:05:50 - 13_2078607033.zip Start processing
2021-02-12 01:05:50 - 13_2078607033 Posted with status 200 and response in file ./responses/13_2078607033#2021-02-12#01-05-50-938.xml
2021-02-12 01:05:50 - 13_2078607033.zip Processing finished with result 
HTTP STATUS 200
Error: Invalid ZIP file
Batch: id 433009 status 527
Batch invalid against the XML schema.
2021-02-12 01:05:50 - 13_2078607033.xml Done
2021-02-12 01:05:50 - 13_2333116016.zip Detected
2021-02-12 01:05:50 - 13_2333116016.zip Start processing
2021-02-12 01:05:51 - 13_2333116016 Posted with status 200 and response in file ./responses/13_2333116016#2021-02-12#01-05-51-324.xml
2021-02-12 01:05:51 - 13_2333116016.zip Processing finished with result 
HTTP STATUS 200
Error: Invalid ZIP file
Batch: id 433010 status 527
Batch invalid against the XML schema.
2021-02-12 01:05:51 - 13_2333116016.xml Done
2021-02-12 01:05:51 - 14_21436463.zip Detected
2021-02-12 01:05:51 - 14_21436463.zip Start processing
2021-02-12 01:05:51 - 14_21436463 Posted with status 200 and response in file ./responses/14_21436463#2021-02-12#01-05-51-693.xml
2021-02-12 01:05:51 - 14_21436463.zip Processing finished with result 
HTTP STATUS 200
Error: Invalid ZIP file
Batch: id 433011 status 527
Batch invalid against the XML schema.
2021-02-12 01:05:51 - 14_21436463.xml Done
2021-02-12 01:05:51 - 14_2096617750.zip Detected
2021-02-12 01:05:51 - 14_2096617750.zip Start processing
2021-02-12 01:05:52 - 14_2096617750 Posted with status 200 and response in file ./responses/14_2096617750#2021-02-12#01-05-52-103.xml
2021-02-12 01:05:52 - 14_2096617750.zip Processing finished with result 
HTTP STATUS 200
Error: Invalid ZIP file
Batch: id 433012 status 527
Batch invalid against the XML schema.
2021-02-12 01:05:52 - 14_2096617750.xml Done
2021-02-12 01:05:52 - 14_2178216017.zip Detected
2021-02-12 01:05:52 - 14_2178216017.zip Start processing
2021-02-12 01:05:52 - 14_2178216017 Posted with status 200 and response in file ./responses/14_2178216017#2021-02-12#01-05-52-433.xml
2021-02-12 01:05:52 - 14_2178216017.zip Processing finished with result 
HTTP STATUS 200
Error: Invalid ZIP file
Batch: id 433013 status 527
Batch invalid against the XML schema.
2021-02-12 01:05:52 - 14_2178216017.xml Done
2021-02-12 01:05:52 - 15_25590669.zip Detected
2021-02-12 01:05:52 - 15_25590669.zip Start processing
2021-02-12 01:05:52 - 15_25590669 Posted with status 200 and response in file ./responses/15_25590669#2021-02-12#01-05-52-830.xml
2021-02-12 01:05:52 - 15_25590669.zip Processing finished with result 
HTTP STATUS 200
Error: Invalid ZIP file
Batch: id 433014 status 527
Batch invalid against the XML schema.
2021-02-12 01:05:52 - 15_25590669.xml Done
2021-02-12 01:05:52 - 15_2333555551.zip Detected
2021-02-12 01:05:52 - 15_2333555551.zip Start processing
2021-02-12 01:05:53 - 15_2333555551 Posted with status 200 and response in file ./responses/15_2333555551#2021-02-12#01-05-53-205.xml
2021-02-12 01:05:53 - 15_2333555551.zip Processing finished with result 
HTTP STATUS 200
Error: Invalid ZIP file
Batch: id 433015 status 527
Batch invalid against the XML schema.
2021-02-12 01:05:53 - 15_2333555551.xml Done
2021-02-12 01:05:53 - 15_3062812899.zip Detected
2021-02-12 01:05:53 - 15_3062812899.zip Start processing
2021-02-12 01:05:53 - 15_3062812899 Posted with status 200 and response in file ./responses/15_3062812899#2021-02-12#01-05-53-579.xml
2021-02-12 01:05:53 - 15_3062812899.zip Processing finished with result 
HTTP STATUS 200
Error: Invalid ZIP file
Batch: id 433016 status 527
Batch invalid against the XML schema.
2021-02-12 01:05:53 - 15_3062812899.xml Done
2021-02-12 01:05:53 - 16_2397809670_1.zip Detected
2021-02-12 01:05:53 - 16_2397809670_1.zip Start processing
2021-02-12 01:05:53 - 16_2397809670_1 Posted with status 200 and response in file ./responses/16_2397809670_1#2021-02-12#01-05-53-974.xml
2021-02-12 01:05:53 - 16_2397809670_1.zip Processing finished with result 
HTTP STATUS 200
Error: Invalid ZIP file
Batch: id 433017 status 527
Batch invalid against the XML schema.
2021-02-12 01:05:53 - 16_2397809670_1.xml Done
2021-02-12 01:05:53 - 16_2397809670_2.zip Detected
2021-02-12 01:05:53 - 16_2397809670_2.zip Start processing
2021-02-12 01:05:54 - 16_2397809670_2 Posted with status 200 and response in file ./responses/16_2397809670_2#2021-02-12#01-05-54-346.xml
2021-02-12 01:05:54 - 16_2397809670_2.zip Processing finished with result 
HTTP STATUS 200
Error: Invalid ZIP file
Batch: id 433018 status 527
Batch invalid against the XML schema.
2021-02-12 01:05:54 - 16_2397809670_2.xml Done
2021-02-12 01:05:54 - 17_2722200094_1.zip Detected
2021-02-12 01:05:54 - 17_2722200094_1.zip Start processing
2021-02-12 01:05:54 - 17_2722200094_1 Posted with status 200 and response in file ./responses/17_2722200094_1#2021-02-12#01-05-54-736.xml
2021-02-12 01:05:54 - 17_2722200094_1.zip Processing finished with result 
HTTP STATUS 200
Error: Invalid ZIP file
Batch: id 433019 status 527
Batch invalid against the XML schema.
2021-02-12 01:05:54 - 17_2722200094_1.xml Done
2021-02-12 01:05:54 - 17_2722200094_2.zip Detected
2021-02-12 01:05:54 - 17_2722200094_2.zip Start processing
2021-02-12 01:05:55 - 17_2722200094_2 Posted with status 200 and response in file ./responses/17_2722200094_2#2021-02-12#01-05-55-077.xml
2021-02-12 01:05:55 - 17_2722200094_2.zip Processing finished with result 
HTTP STATUS 200
Error: Invalid ZIP file
Batch: id 433020 status 527
Batch invalid against the XML schema.
2021-02-12 01:05:55 - 17_2722200094_2.xml Done
2021-02-12 01:05:55 - 18_3370619028.zip Detected
2021-02-12 01:05:55 - 18_3370619028.zip Start processing
2021-02-12 01:05:55 - 18_3370619028 Posted with status 200 and response in file ./responses/18_3370619028#2021-02-12#01-05-55-419.xml
2021-02-12 01:05:55 - 18_3370619028.zip Processing finished with result 
HTTP STATUS 200
Error: Invalid ZIP file
Batch: id 433021 status 527
Batch invalid against the XML schema.
2021-02-12 01:05:55 - 18_3370619028.xml Done
2021-02-12 01:05:55 - 19_2887406048.zip Detected
2021-02-12 01:05:55 - 19_2887406048.zip Start processing
2021-02-12 01:05:55 - 19_2887406048 Posted with status 200 and response in file ./responses/19_2887406048#2021-02-12#01-05-55-810.xml
2021-02-12 01:05:55 - 19_2887406048.zip Processing finished with result 
HTTP STATUS 200
Error: Invalid ZIP file
Batch: id 433022 status 527
Batch invalid against the XML schema.
2021-02-12 01:05:55 - 19_2887406048.xml Done
2021-02-12 01:05:55 - 20_2550702744.zip Detected
2021-02-12 01:05:55 - 20_2550702744.zip Start processing
2021-02-12 01:05:56 - 20_2550702744 Posted with status 200 and response in file ./responses/20_2550702744#2021-02-12#01-05-56-220.xml
2021-02-12 01:05:56 - 20_2550702744.zip Processing finished with result 
HTTP STATUS 200
Error: Invalid ZIP file
Batch: id 433023 status 527
Batch invalid against the XML schema.
2021-02-12 01:05:56 - 20_2550702744.xml Done
2021-02-12 01:05:56 - 21_2330702742.zip Detected
2021-02-12 01:05:56 - 21_2330702742.zip Start processing
2021-02-12 01:05:56 - 21_2330702742 Posted with status 200 and response in file ./responses/21_2330702742#2021-02-12#01-05-56-610.xml
2021-02-12 01:05:56 - 21_2330702742.zip Processing finished with result 
HTTP STATUS 200
Error: Invalid ZIP file
Batch: id 433024 status 527
Batch invalid against the XML schema.
2021-02-12 01:05:56 - 21_2330702742.xml Done
2021-02-12 01:05:56 - 22_3125617101_1.zip Detected
2021-02-12 01:05:56 - 22_3125617101_1.zip Start processing
2021-02-12 01:05:56 - 22_3125617101_1 Posted with status 200 and response in file ./responses/22_3125617101_1#2021-02-12#01-05-56-963.xml
2021-02-12 01:05:56 - 22_3125617101_1.zip Processing finished with result 
HTTP STATUS 200
Error: Invalid ZIP file
Batch: id 433025 status 527
Batch invalid against the XML schema.
2021-02-12 01:05:56 - 22_3125617101_1.xml Done
2021-02-12 01:05:57 - 22_3125617101_2.zip Detected
2021-02-12 01:05:57 - 22_3125617101_2.zip Start processing
2021-02-12 01:05:57 - 22_3125617101_2 Posted with status 200 and response in file ./responses/22_3125617101_2#2021-02-12#01-05-57-349.xml
2021-02-12 01:05:57 - 22_3125617101_2.zip Processing finished with result 
HTTP STATUS 200
Error: Invalid ZIP file
Batch: id 433026 status 527
Batch invalid against the XML schema.
2021-02-12 01:05:57 - 22_3125617101_2.xml Done
2021-02-12 01:05:57 - 23_2111505510_1.zip Detected
2021-02-12 01:05:57 - 23_2111505510_1.zip Start processing
2021-02-12 01:05:57 - 23_2111505510_1 Posted with status 200 and response in file ./responses/23_2111505510_1#2021-02-12#01-05-57-718.xml
2021-02-12 01:05:57 - 23_2111505510_1.zip Processing finished with result 
HTTP STATUS 200
Error: Invalid ZIP file
Batch: id 433027 status 527
Batch invalid against the XML schema.
2021-02-12 01:05:57 - 23_2111505510_1.xml Done
2021-02-12 01:05:57 - 23_2111505510_2.zip Detected
2021-02-12 01:05:57 - 23_2111505510_2.zip Start processing
2021-02-12 01:05:58 - 23_2111505510_2 Posted with status 200 and response in file ./responses/23_2111505510_2#2021-02-12#01-05-58-096.xml
2021-02-12 01:05:58 - 23_2111505510_2.zip Processing finished with result 
HTTP STATUS 200
Error: Invalid ZIP file
Batch: id 433028 status 527
Batch invalid against the XML schema.
2021-02-12 01:05:58 - 23_2111505510_2.xml Done
2021-02-12 01:05:58 - 24_2924402008.zip Detected
2021-02-12 01:05:58 - 24_2924402008.zip Start processing
2021-02-12 01:05:58 - 24_2924402008 Posted with status 200 and response in file ./responses/24_2924402008#2021-02-12#01-05-58-471.xml
2021-02-12 01:05:58 - 24_2924402008.zip Processing finished with result 
HTTP STATUS 200
Error: Invalid ZIP file
Batch: id 433029 status 527
Batch invalid against the XML schema.
2021-02-12 01:05:58 - 24_2924402008.xml Done
2021-02-12 01:05:58 - 25_3116115762.zip Detected
2021-02-12 01:05:58 - 25_3116115762.zip Start processing
2021-02-12 01:05:58 - 25_3116115762 Posted with status 200 and response in file ./responses/25_3116115762#2021-02-12#01-05-58-849.xml
2021-02-12 01:05:58 - 25_3116115762.zip Processing finished with result 
HTTP STATUS 200
Error: Invalid ZIP file
Batch: id 433030 status 527
Batch invalid against the XML schema.
2021-02-12 01:05:58 - 25_3116115762.xml Done
2021-02-12 01:05:58 - 26_2615821224.zip Detected
2021-02-12 01:05:58 - 26_2615821224.zip Start processing
2021-02-12 01:05:59 - 26_2615821224 Posted with status 200 and response in file ./responses/26_2615821224#2021-02-12#01-05-59-341.xml
2021-02-12 01:05:59 - 26_2615821224.zip Processing finished with result 
HTTP STATUS 200
Error: Invalid ZIP file
Batch: id 433031 status 527
Batch invalid against the XML schema.
2021-02-12 01:05:59 - 26_2615821224.xml Done
2021-02-12 01:05:59 - 27_2294316015_1.zip Detected
2021-02-12 01:05:59 - 27_2294316015_1.zip Start processing
2021-02-12 01:05:59 - 27_2294316015_1 Posted with status 200 and response in file ./responses/27_2294316015_1#2021-02-12#01-05-59-693.xml
2021-02-12 01:05:59 - 27_2294316015_1.zip Processing finished with result 
HTTP STATUS 200
Error: Invalid ZIP file
Batch: id 433032 status 527
Batch invalid against the XML schema.
2021-02-12 01:05:59 - 27_2294316015_1.xml Done
2021-02-12 01:05:59 - 27_2294316015_2.zip Detected
2021-02-12 01:05:59 - 27_2294316015_2.zip Start processing
2021-02-12 01:06:00 - 27_2294316015_2 Posted with status 200 and response in file ./responses/27_2294316015_2#2021-02-12#01-06-00-074.xml
2021-02-12 01:06:00 - 27_2294316015_2.zip Processing finished with result 
HTTP STATUS 200
Error: Invalid ZIP file
Batch: id 433033 status 527
Batch invalid against the XML schema.
2021-02-12 01:06:00 - 27_2294316015_2.xml Done
2021-02-12 01:06:00 - 4_3196016377.zip Done
2021-02-12 01:06:00 - 5_3581801921_1.zip Done
2021-02-12 01:06:00 - 5_3581801921_2.zip Done
2021-02-12 01:06:00 - 6_14511164_2.zip Done
2021-02-12 01:06:00 - 6_2249701170_1.zip Done
2021-02-12 01:06:00 - 6_2249701170_2.zip Done
2021-02-12 01:06:00 - 6_3016817422_2.zip Done
2021-02-12 01:06:00 - 7_26272351_1.zip Done
2021-02-12 01:06:00 - 7_26272351_2.zip Done
2021-02-12 01:06:00 - 7_3235011960.zip Done
2021-02-12 01:06:00 - 7_3357715972_1.zip Done
2021-02-12 01:06:00 - 7_3357715972_2.zip Done
2021-02-12 01:06:00 - 8_26272351_1.zip Done
2021-02-12 01:06:00 - 8_26272351_2.zip Done
2021-02-12 01:06:00 - 8_1997414644.zip Done
2021-02-12 01:06:00 - 8_3337101695_1.zip Done
2021-02-12 01:06:00 - 8_3337101695_2.zip Done
2021-02-12 01:06:00 - 9_24299268_1.zip Done
2021-02-12 01:06:00 - 9_24299268_2.zip Done
2021-02-12 01:06:00 - 9_1849701179.zip Done
2021-02-12 01:06:00 - 9_2806707868_1.zip Done
2021-02-12 01:06:00 - 9_2806707868_2.zip Done
2021-02-12 01:06:00 - 10_23445671.zip Done
2021-02-12 01:06:00 - 10_1950116012.zip Done
2021-02-12 01:06:00 - 10_2331934367.zip Done
2021-02-12 01:06:00 - 11_3311156018.zip Done
2021-02-12 01:06:00 - 12_12445641.zip Done
2021-02-12 01:06:00 - 12_2150116015.zip Done
2021-02-12 01:06:00 - 12_2512701834.zip Done
2021-02-12 01:06:00 - 13_23904402.zip Done
2021-02-12 01:06:00 - 13_2078607033.zip Done
2021-02-12 01:06:00 - 13_2333116016.zip Done
2021-02-12 01:06:00 - 14_21436463.zip Done
2021-02-12 01:06:00 - 14_2096617750.zip Done
2021-02-12 01:06:00 - 14_2178216017.zip Done
2021-02-12 01:06:00 - 15_25590669.zip Done
2021-02-12 01:06:00 - 15_2333555551.zip Done
2021-02-12 01:06:00 - 15_3062812899.zip Done
2021-02-12 01:06:00 - 16_2397809670_1.zip Done
2021-02-12 01:06:00 - 16_2397809670_2.zip Done
2021-02-12 01:06:00 - 17_2722200094_1.zip Done
2021-02-12 01:06:00 - 17_2722200094_2.zip Done
2021-02-12 01:06:00 - 18_3370619028.zip Done
2021-02-12 01:06:00 - 19_2887406048.zip Done
2021-02-12 01:06:00 - 20_2550702744.zip Done
2021-02-12 01:06:00 - 21_2330702742.zip Done
2021-02-12 01:06:00 - 22_3125617101_1.zip Done
2021-02-12 01:06:00 - 22_3125617101_2.zip Done
2021-02-12 01:06:00 - 23_2111505510_1.zip Done
2021-02-12 01:06:00 - 23_2111505510_2.zip Done
2021-02-12 01:06:00 - 24_2924402008.zip Done
2021-02-12 01:06:00 - 25_3116115762.zip Done
2021-02-12 01:06:00 - 26_2615821224.zip Done
2021-02-12 01:06:00 - 27_2294316015_1.zip Done
2021-02-12 01:06:00 - 27_2294316015_2.zip Done
